# JRE version: OpenJDK Runtime Environment Microsoft-8035246 (17.0.8+7) (build 17.0.8+7-LTS)
# Java VM: OpenJDK 64-Bit Server VM Microsoft-8035246 (17.0.8+7-LTS, mixed mode, sharing, tiered, compressed oops, compressed class ptrs, g1 gc, windows-amd64)
GC Precious Log:
 CPUs: 16 total, 16 available
 Memory: 15754M
 Large Page Support: Disabled
 NUMA Support: Disabled
 Compressed Oops: Enabled (32-bit)
 Heap Region Size: 1M
 Heap Min Capacity: 8M
 Heap Initial Capacity: 248M
 Heap Max Capacity: 2G
 Pre-touch: Disabled
 Parallel Workers: 13
 Concurrent Workers: 3
 Concurrent Refinement Workers: 13
 Periodic GC: Disabled
Heap:
 garbage-first heap   total 279552K, used 232092K [0x0000000080000000, 0x0000000100000000)
  region size 1024K, 47 young (48128K), 7 survivors (7168K)
 Metaspace       used 102026K, committed 103232K, reserved 557056K
  class space    used 14251K, committed 14848K, reserved 425984K
GC Heap History (20 events):
Event: 23.866 GC heap before
{Heap before GC invocations=63 (full 0):
 garbage-first heap   total 232448K, used 196996K [0x0000000080000000, 0x0000000100000000)
  region size 1024K, 34 young (34816K), 5 survivors (5120K)
 Metaspace       used 99466K, committed 100544K, reserved 557056K
  class space    used 13872K, committed 14400K, reserved 425984K
}
Event: 23.871 GC heap after
{Heap after GC invocations=64 (full 0):
 garbage-first heap   total 232448K, used 172066K [0x0000000080000000, 0x0000000100000000)
  region size 1024K, 5 young (5120K), 5 survivors (5120K)
 Metaspace       used 99466K, committed 100544K, reserved 557056K
  class space    used 13872K, committed 14400K, reserved 425984K
}
Event: 24.100 GC heap before
{Heap before GC invocations=64 (full 0):
 garbage-first heap   total 232448K, used 196642K [0x0000000080000000, 0x0000000100000000)
  region size 1024K, 30 young (30720K), 5 survivors (5120K)
 Metaspace       used 99722K, committed 100800K, reserved 557056K
  class space    used 13889K, committed 14400K, reserved 425984K
}
Event: 24.104 GC heap after
{Heap after GC invocations=65 (full 0):
 garbage-first heap   total 232448K, used 175081K [0x0000000080000000, 0x0000000100000000)
  region size 1024K, 3 young (3072K), 3 survivors (3072K)
 Metaspace       used 99722K, committed 100800K, reserved 557056K
  class space    used 13889K, committed 14400K, reserved 425984K
}
Event: 24.324 GC heap before
{Heap before GC invocations=65 (full 0):
 garbage-first heap   total 232448K, used 199657K [0x0000000080000000, 0x0000000100000000)
  region size 1024K, 27 young (27648K), 3 survivors (3072K)
 Metaspace       used 99871K, committed 100928K, reserved 557056K
  class space    used 13890K, committed 14400K, reserved 425984K
}
Event: 24.326 GC heap after
{Heap after GC invocations=66 (full 0):
 garbage-first heap   total 232448K, used 177298K [0x0000000080000000, 0x0000000100000000)
  region size 1024K, 3 young (3072K), 3 survivors (3072K)
 Metaspace       used 99871K, committed 100928K, reserved 557056K
  class space    used 13890K, committed 14400K, reserved 425984K
}
Event: 24.501 GC heap before
{Heap before GC invocations=66 (full 0):
 garbage-first heap   total 232448K, used 199826K [0x0000000080000000, 0x0000000100000000)
  region size 1024K, 25 young (25600K), 3 survivors (3072K)
 Metaspace       used 100189K, committed 101312K, reserved 557056K
  class space    used 13932K, committed 14464K, reserved 425984K
}
Event: 24.504 GC heap after
{Heap after GC invocations=67 (full 0):
 garbage-first heap   total 232448K, used 180258K [0x0000000080000000, 0x0000000100000000)
  region size 1024K, 3 young (3072K), 3 survivors (3072K)
 Metaspace       used 100189K, committed 101312K, reserved 557056K
  class space    used 13932K, committed 14464K, reserved 425984K
}
Event: 24.689 GC heap before
{Heap before GC invocations=67 (full 0):
 garbage-first heap   total 232448K, used 200738K [0x0000000080000000, 0x0000000100000000)
  region size 1024K, 23 young (23552K), 3 survivors (3072K)
 Metaspace       used 100888K, committed 102016K, reserved 557056K
  class space    used 14051K, committed 14592K, reserved 425984K
}
Event: 24.692 GC heap after
{Heap after GC invocations=68 (full 0):
 garbage-first heap   total 232448K, used 182939K [0x0000000080000000, 0x0000000100000000)
  region size 1024K, 3 young (3072K), 3 survivors (3072K)
 Metaspace       used 100888K, committed 102016K, reserved 557056K
  class space    used 14051K, committed 14592K, reserved 425984K
}
Event: 24.815 GC heap before
{Heap before GC invocations=68 (full 0):
 garbage-first heap   total 232448K, used 200347K [0x0000000080000000, 0x0000000100000000)
  region size 1024K, 21 young (21504K), 3 survivors (3072K)
 Metaspace       used 101401K, committed 102528K, reserved 557056K
  class space    used 14189K, committed 14720K, reserved 425984K
}
Event: 24.817 GC heap after
{Heap after GC invocations=69 (full 0):
 garbage-first heap   total 232448K, used 184360K [0x0000000080000000, 0x0000000100000000)
  region size 1024K, 2 young (2048K), 2 survivors (2048K)
 Metaspace       used 101401K, committed 102528K, reserved 557056K
  class space    used 14189K, committed 14720K, reserved 425984K
}
Event: 24.923 GC heap before
{Heap before GC invocations=69 (full 0):
 garbage-first heap   total 232448K, used 201768K [0x0000000080000000, 0x0000000100000000)
  region size 1024K, 19 young (19456K), 2 survivors (2048K)
 Metaspace       used 101561K, committed 102656K, reserved 557056K
  class space    used 14196K, committed 14720K, reserved 425984K
}
Event: 24.925 GC heap after
{Heap after GC invocations=70 (full 0):
 garbage-first heap   total 232448K, used 184922K [0x0000000080000000, 0x0000000100000000)
  region size 1024K, 3 young (3072K), 3 survivors (3072K)
 Metaspace       used 101561K, committed 102656K, reserved 557056K
  class space    used 14196K, committed 14720K, reserved 425984K
}
Event: 25.026 GC heap before
{Heap before GC invocations=70 (full 0):
 garbage-first heap   total 232448K, used 202330K [0x0000000080000000, 0x0000000100000000)
  region size 1024K, 20 young (20480K), 3 survivors (3072K)
 Metaspace       used 101642K, committed 102720K, reserved 557056K
  class space    used 14196K, committed 14720K, reserved 425984K
}
Event: 25.028 GC heap after
{Heap after GC invocations=71 (full 0):
 garbage-first heap   total 232448K, used 185607K [0x0000000080000000, 0x0000000100000000)
  region size 1024K, 2 young (2048K), 2 survivors (2048K)
 Metaspace       used 101642K, committed 102720K, reserved 557056K
  class space    used 14196K, committed 14720K, reserved 425984K
}
Event: 25.223 GC heap before
{Heap before GC invocations=71 (full 0):
 garbage-first heap   total 232448K, used 204039K [0x0000000080000000, 0x0000000100000000)
  region size 1024K, 20 young (20480K), 2 survivors (2048K)
 Metaspace       used 101914K, committed 103104K, reserved 557056K
  class space    used 14250K, committed 14848K, reserved 425984K
}
Event: 25.226 GC heap after
{Heap after GC invocations=72 (full 0):
 garbage-first heap   total 279552K, used 188952K [0x0000000080000000, 0x0000000100000000)
  region size 1024K, 3 young (3072K), 3 survivors (3072K)
 Metaspace       used 101914K, committed 103104K, reserved 557056K
  class space    used 14250K, committed 14848K, reserved 425984K
}
Event: 25.455 GC heap before
{Heap before GC invocations=72 (full 0):
 garbage-first heap   total 279552K, used 237080K [0x0000000080000000, 0x0000000100000000)
  region size 1024K, 51 young (52224K), 3 survivors (3072K)
 Metaspace       used 102005K, committed 103232K, reserved 557056K
  class space    used 14251K, committed 14848K, reserved 425984K
}
Event: 25.459 GC heap after
{Heap after GC invocations=73 (full 0):
 garbage-first heap   total 279552K, used 193180K [0x0000000080000000, 0x0000000100000000)
  region size 1024K, 7 young (7168K), 7 survivors (7168K)
 Metaspace       used 102005K, committed 103232K, reserved 557056K
  class space    used 14251K, committed 14848K, reserved 425984K
}

